This is pdfTeX, Version 3.141592653-2.6-1.40.26 (TeX Live 2024/Homebrew) (preloaded format=pdflatex 2024.3.20)  7 MAY 2024 11:35
entering extended mode
 restricted \write18 enabled.
 %&-line parsing enabled.
**index.tex
(./index.tex
LaTeX2e <2023-11-01> patch level 1
L3 programming layer <2024-02-20>

(/opt/homebrew/Cellar/texlive/20240312/share/texmf-dist/tex/latex/base/report.c
ls
Document Class: report 2023/05/17 v1.4n Standard LaTeX document class

(/opt/homebrew/Cellar/texlive/20240312/share/texmf-dist/tex/latex/base/size10.c
lo
File: size10.clo 2023/05/17 v1.4n Standard LaTeX file (size option)
)
\c@part=\count188
\c@chapter=\count189
\c@section=\count190
\c@subsection=\count191
\c@subsubsection=\count192
\c@paragraph=\count193
\c@subparagraph=\count194
\c@figure=\count195
\c@table=\count196
\abovecaptionskip=\skip48
\belowcaptionskip=\skip49
\bibindent=\dimen140
)
(/opt/homebrew/Cellar/texlive/20240312/share/texmf-dist/tex/latex/amsmath/amsma
th.sty
Package: amsmath 2023/05/13 v2.17o AMS math features
\@mathmargin=\skip50

For additional information on amsmath, use the `?' option.

(/opt/homebrew/Cellar/texlive/20240312/share/texmf-dist/tex/latex/amsmath/amste
xt.sty
Package: amstext 2021/08/26 v2.01 AMS text

(/opt/homebrew/Cellar/texlive/20240312/share/texmf-dist/tex/latex/amsmath/amsge
n.sty
File: amsgen.sty 1999/11/30 v2.0 generic functions
\@emptytoks=\toks17
\ex@=\dimen141
))
(/opt/homebrew/Cellar/texlive/20240312/share/texmf-dist/tex/latex/amsmath/amsbs
y.sty
Package: amsbsy 1999/11/29 v1.2d Bold Symbols
\pmbraise@=\dimen142
)
(/opt/homebrew/Cellar/texlive/20240312/share/texmf-dist/tex/latex/amsmath/amsop
n.sty
Package: amsopn 2022/04/08 v2.04 operator names
)
\inf@bad=\count197
LaTeX Info: Redefining \frac on input line 234.
\uproot@=\count198
\leftroot@=\count199
LaTeX Info: Redefining \overline on input line 399.
LaTeX Info: Redefining \colon on input line 410.
\classnum@=\count266
\DOTSCASE@=\count267
LaTeX Info: Redefining \ldots on input line 496.
LaTeX Info: Redefining \dots on input line 499.
LaTeX Info: Redefining \cdots on input line 620.
\Mathstrutbox@=\box51
\strutbox@=\box52
LaTeX Info: Redefining \big on input line 722.
LaTeX Info: Redefining \Big on input line 723.
LaTeX Info: Redefining \bigg on input line 724.
LaTeX Info: Redefining \Bigg on input line 725.
\big@size=\dimen143
LaTeX Font Info:    Redeclaring font encoding OML on input line 743.
LaTeX Font Info:    Redeclaring font encoding OMS on input line 744.
\macc@depth=\count268
LaTeX Info: Redefining \bmod on input line 905.
LaTeX Info: Redefining \pmod on input line 910.
LaTeX Info: Redefining \smash on input line 940.
LaTeX Info: Redefining \relbar on input line 970.
LaTeX Info: Redefining \Relbar on input line 971.
\c@MaxMatrixCols=\count269
\dotsspace@=\muskip16
\c@parentequation=\count270
\dspbrk@lvl=\count271
\tag@help=\toks18
\row@=\count272
\column@=\count273
\maxfields@=\count274
\andhelp@=\toks19
\eqnshift@=\dimen144
\alignsep@=\dimen145
\tagshift@=\dimen146
\tagwidth@=\dimen147
\totwidth@=\dimen148
\lineht@=\dimen149
\@envbody=\toks20
\multlinegap=\skip51
\multlinetaggap=\skip52
\mathdisplay@stack=\toks21
LaTeX Info: Redefining \[ on input line 2953.
LaTeX Info: Redefining \] on input line 2954.
)
(/opt/homebrew/Cellar/texlive/20240312/share/texmf-dist/tex/latex/amsfonts/amss
ymb.sty
Package: amssymb 2013/01/14 v3.01 AMS font symbols

(/opt/homebrew/Cellar/texlive/20240312/share/texmf-dist/tex/latex/amsfonts/amsf
onts.sty
Package: amsfonts 2013/01/14 v3.01 Basic AMSFonts support
\symAMSa=\mathgroup4
\symAMSb=\mathgroup5
LaTeX Font Info:    Redeclaring math symbol \hbar on input line 98.
LaTeX Font Info:    Overwriting math alphabet `\mathfrak' in version `bold'
(Font)                  U/euf/m/n --> U/euf/b/n on input line 106.
))
(/opt/homebrew/Cellar/texlive/20240312/share/texmf-dist/tex/generic/iftex/iftex
.sty
Package: iftex 2022/02/03 v1.0f TeX engine tests
)
(/opt/homebrew/Cellar/texlive/20240312/share/texmf-dist/tex/latex/base/fontenc.
sty
Package: fontenc 2021/04/29 v2.0v Standard LaTeX package
)
(/opt/homebrew/Cellar/texlive/20240312/share/texmf-dist/tex/latex/base/inputenc
.sty
Package: inputenc 2021/02/14 v1.3d Input encoding file
\inpenc@prehook=\toks22
\inpenc@posthook=\toks23
)
(/opt/homebrew/Cellar/texlive/20240312/share/texmf-dist/tex/latex/base/textcomp
.sty
Package: textcomp 2020/02/02 v2.0n Standard LaTeX package
)
(/opt/homebrew/Cellar/texlive/20240312/share/texmf-dist/tex/latex/lm/lmodern.st
y
Package: lmodern 2015/05/01 v1.6.1 Latin Modern Fonts
LaTeX Font Info:    Overwriting symbol font `operators' in version `normal'
(Font)                  OT1/cmr/m/n --> OT1/lmr/m/n on input line 22.
LaTeX Font Info:    Overwriting symbol font `letters' in version `normal'
(Font)                  OML/cmm/m/it --> OML/lmm/m/it on input line 23.
LaTeX Font Info:    Overwriting symbol font `symbols' in version `normal'
(Font)                  OMS/cmsy/m/n --> OMS/lmsy/m/n on input line 24.
LaTeX Font Info:    Overwriting symbol font `largesymbols' in version `normal'
(Font)                  OMX/cmex/m/n --> OMX/lmex/m/n on input line 25.
LaTeX Font Info:    Overwriting symbol font `operators' in version `bold'
(Font)                  OT1/cmr/bx/n --> OT1/lmr/bx/n on input line 26.
LaTeX Font Info:    Overwriting symbol font `letters' in version `bold'
(Font)                  OML/cmm/b/it --> OML/lmm/b/it on input line 27.
LaTeX Font Info:    Overwriting symbol font `symbols' in version `bold'
(Font)                  OMS/cmsy/b/n --> OMS/lmsy/b/n on input line 28.
LaTeX Font Info:    Overwriting symbol font `largesymbols' in version `bold'
(Font)                  OMX/cmex/m/n --> OMX/lmex/m/n on input line 29.
LaTeX Font Info:    Overwriting math alphabet `\mathbf' in version `normal'
(Font)                  OT1/cmr/bx/n --> OT1/lmr/bx/n on input line 31.
LaTeX Font Info:    Overwriting math alphabet `\mathsf' in version `normal'
(Font)                  OT1/cmss/m/n --> OT1/lmss/m/n on input line 32.
LaTeX Font Info:    Overwriting math alphabet `\mathit' in version `normal'
(Font)                  OT1/cmr/m/it --> OT1/lmr/m/it on input line 33.
LaTeX Font Info:    Overwriting math alphabet `\mathtt' in version `normal'
(Font)                  OT1/cmtt/m/n --> OT1/lmtt/m/n on input line 34.
LaTeX Font Info:    Overwriting math alphabet `\mathbf' in version `bold'
(Font)                  OT1/cmr/bx/n --> OT1/lmr/bx/n on input line 35.
LaTeX Font Info:    Overwriting math alphabet `\mathsf' in version `bold'
(Font)                  OT1/cmss/bx/n --> OT1/lmss/bx/n on input line 36.
LaTeX Font Info:    Overwriting math alphabet `\mathit' in version `bold'
(Font)                  OT1/cmr/bx/it --> OT1/lmr/bx/it on input line 37.
LaTeX Font Info:    Overwriting math alphabet `\mathtt' in version `bold'
(Font)                  OT1/cmtt/m/n --> OT1/lmtt/m/n on input line 38.
)
(/opt/homebrew/Cellar/texlive/20240312/share/texmf-dist/tex/latex/upquote/upquo
te.sty
Package: upquote 2012/04/19 v1.3 upright-quote and grave-accent glyphs in verba
tim
)
(/opt/homebrew/Cellar/texlive/20240312/share/texmf-dist/tex/latex/microtype/mic
rotype.sty
Package: microtype 2023/03/13 v3.1a Micro-typographical refinements (RS)

(/opt/homebrew/Cellar/texlive/20240312/share/texmf-dist/tex/latex/graphics/keyv
al.sty
Package: keyval 2022/05/29 v1.15 key=value parser (DPC)
\KV@toks@=\toks24
)
(/opt/homebrew/Cellar/texlive/20240312/share/texmf-dist/tex/latex/etoolbox/etoo
lbox.sty
Package: etoolbox 2020/10/05 v2.5k e-TeX tools for LaTeX (JAW)
\etb@tempcnta=\count275
)
\MT@toks=\toks25
\MT@tempbox=\box53
\MT@count=\count276
LaTeX Info: Redefining \noprotrusionifhmode on input line 1059.
LaTeX Info: Redefining \leftprotrusion on input line 1060.
\MT@prot@toks=\toks26
LaTeX Info: Redefining \rightprotrusion on input line 1078.
LaTeX Info: Redefining \textls on input line 1368.
\MT@outer@kern=\dimen150
LaTeX Info: Redefining \textmicrotypecontext on input line 1988.
\MT@listname@count=\count277

(/opt/homebrew/Cellar/texlive/20240312/share/texmf-dist/tex/latex/microtype/mic
rotype-pdftex.def
File: microtype-pdftex.def 2023/03/13 v3.1a Definitions specific to pdftex (RS)

LaTeX Info: Redefining \lsstyle on input line 902.
LaTeX Info: Redefining \lslig on input line 902.
\MT@outer@space=\skip53
)
Package microtype Info: Loading configuration file microtype.cfg.

(/opt/homebrew/Cellar/texlive/20240312/share/texmf-dist/tex/latex/microtype/mic
rotype.cfg
File: microtype.cfg 2023/03/13 v3.1a microtype main configuration file (RS)
))
(/opt/homebrew/Cellar/texlive/20240312/share/texmf-dist/tex/latex/xcolor/xcolor
.sty
Package: xcolor 2023/11/15 v3.01 LaTeX color extensions (UK)

(/opt/homebrew/Cellar/texlive/20240312/share/texmf-dist/tex/latex/graphics-cfg/
color.cfg
File: color.cfg 2016/01/02 v1.6 sample color configuration
)
Package xcolor Info: Driver file: pdftex.def on input line 274.

(/opt/homebrew/Cellar/texlive/20240312/share/texmf-dist/tex/latex/graphics-def/
pdftex.def
File: pdftex.def 2022/09/22 v1.2b Graphics/color driver for pdftex
)
(/opt/homebrew/Cellar/texlive/20240312/share/texmf-dist/tex/latex/graphics/math
color.ltx)
Package xcolor Info: Model `cmy' substituted by `cmy0' on input line 1350.
Package xcolor Info: Model `hsb' substituted by `rgb' on input line 1354.
Package xcolor Info: Model `RGB' extended on input line 1366.
Package xcolor Info: Model `HTML' substituted by `rgb' on input line 1368.
Package xcolor Info: Model `Hsb' substituted by `hsb' on input line 1369.
Package xcolor Info: Model `tHsb' substituted by `hsb' on input line 1370.
Package xcolor Info: Model `HSB' substituted by `hsb' on input line 1371.
Package xcolor Info: Model `Gray' substituted by `gray' on input line 1372.
Package xcolor Info: Model `wave' substituted by `hsb' on input line 1373.
)
(/opt/homebrew/Cellar/texlive/20240312/share/texmf-dist/tex/latex/graphics/dvip
snam.def
File: dvipsnam.def 2016/06/17 v3.0m Driver-dependent file (DPC,SPQR)
)
(/opt/homebrew/Cellar/texlive/20240312/share/texmf-dist/tex/latex/xcolor/svgnam
.def
File: svgnam.def 2023/11/15 v3.01 Predefined colors according to SVG 1.1 (UK)
)
(/opt/homebrew/Cellar/texlive/20240312/share/texmf-dist/tex/latex/xcolor/x11nam
.def
File: x11nam.def 2023/11/15 v3.01 Predefined colors according to Unix/X11 (UK)
)
(/opt/homebrew/Cellar/texlive/20240312/share/texmf-dist/tex/latex/fancyvrb/fanc
yvrb.sty
Package: fancyvrb 2024/01/20 4.5c verbatim text (tvz,hv)
\FV@CodeLineNo=\count278
\FV@InFile=\read2
\FV@TabBox=\box54
\c@FancyVerbLine=\count279
\FV@StepNumber=\count280
\FV@OutFile=\write3
)
(/opt/homebrew/Cellar/texlive/20240312/share/texmf-dist/tex/latex/framed/framed
.sty
Package: framed 2011/10/22 v 0.96: framed or shaded text with page breaks
\OuterFrameSep=\skip54
\fb@frw=\dimen151
\fb@frh=\dimen152
\FrameRule=\dimen153
\FrameSep=\dimen154
)
(/opt/homebrew/Cellar/texlive/20240312/share/texmf-dist/tex/latex/tools/longtab
le.sty
Package: longtable 2023-11-01 v4.19 Multi-page Table package (DPC)
\LTleft=\skip55
\LTright=\skip56
\LTpre=\skip57
\LTpost=\skip58
\LTchunksize=\count281
\LTcapwidth=\dimen155
\LT@head=\box55
\LT@firsthead=\box56
\LT@foot=\box57
\LT@lastfoot=\box58
\LT@gbox=\box59
\LT@cols=\count282
\LT@rows=\count283
\c@LT@tables=\count284
\c@LT@chunks=\count285
\LT@p@ftn=\toks27
)
(/opt/homebrew/Cellar/texlive/20240312/share/texmf-dist/tex/latex/booktabs/book
tabs.sty
Package: booktabs 2020/01/12 v1.61803398 Publication quality tables
\heavyrulewidth=\dimen156
\lightrulewidth=\dimen157
\cmidrulewidth=\dimen158
\belowrulesep=\dimen159
\belowbottomsep=\dimen160
\aboverulesep=\dimen161
\abovetopsep=\dimen162
\cmidrulesep=\dimen163
\cmidrulekern=\dimen164
\defaultaddspace=\dimen165
\@cmidla=\count286
\@cmidlb=\count287
\@aboverulesep=\dimen166
\@belowrulesep=\dimen167
\@thisruleclass=\count288
\@lastruleclass=\count289
\@thisrulewidth=\dimen168
)
(/opt/homebrew/Cellar/texlive/20240312/share/texmf-dist/tex/latex/tools/array.s
ty
Package: array 2023/10/16 v2.5g Tabular extension package (FMi)
\col@sep=\dimen169
\ar@mcellbox=\box60
\extrarowheight=\dimen170
\NC@list=\toks28
\extratabsurround=\skip59
\backup@length=\skip60
\ar@cellbox=\box61
)
(/opt/homebrew/Cellar/texlive/20240312/share/texmf-dist/tex/latex/tools/calc.st
y
Package: calc 2023/07/08 v4.3 Infix arithmetic (KKT,FJ)
\calc@Acount=\count290
\calc@Bcount=\count291
\calc@Adimen=\dimen171
\calc@Bdimen=\dimen172
\calc@Askip=\skip61
\calc@Bskip=\skip62
LaTeX Info: Redefining \setlength on input line 80.
LaTeX Info: Redefining \addtolength on input line 81.
\calc@Ccount=\count292
\calc@Cskip=\skip63
)
(/opt/homebrew/Cellar/texlive/20240312/share/texmf-dist/tex/latex/footnotehyper
/footnotehyper.sty
Package: footnotehyper 2021/08/13 v1.1e hyperref aware footnote.sty (JFB)
\FNH@notes=\box62
\FNH@width=\dimen173
\FNH@toks=\toks29
)
(/opt/homebrew/Cellar/texlive/20240312/share/texmf-dist/tex/latex/graphics/grap
hicx.sty
Package: graphicx 2021/09/16 v1.2d Enhanced LaTeX Graphics (DPC,SPQR)

(/opt/homebrew/Cellar/texlive/20240312/share/texmf-dist/tex/latex/graphics/grap
hics.sty
Package: graphics 2022/03/10 v1.4e Standard LaTeX Graphics (DPC,SPQR)

(/opt/homebrew/Cellar/texlive/20240312/share/texmf-dist/tex/latex/graphics/trig
.sty
Package: trig 2021/08/11 v1.11 sin cos tan (DPC)
)
(/opt/homebrew/Cellar/texlive/20240312/share/texmf-dist/tex/latex/graphics-cfg/
graphics.cfg
File: graphics.cfg 2016/06/04 v1.11 sample graphics configuration
)
Package graphics Info: Driver file: pdftex.def on input line 107.
)
\Gin@req@height=\dimen174
\Gin@req@width=\dimen175
)
(/opt/homebrew/Cellar/texlive/20240312/share/texmf-dist/tex/latex/bookmark/book
mark.sty
Package: bookmark 2023-12-10 v1.31 PDF bookmarks (HO)

(/opt/homebrew/Cellar/texlive/20240312/share/texmf-dist/tex/latex/hyperref/hype
rref.sty
Package: hyperref 2024-01-20 v7.01h Hypertext links for LaTeX

(/opt/homebrew/Cellar/texlive/20240312/share/texmf-dist/tex/latex/kvsetkeys/kvs
etkeys.sty
Package: kvsetkeys 2022-10-05 v1.19 Key value parser (HO)
)
(/opt/homebrew/Cellar/texlive/20240312/share/texmf-dist/tex/generic/kvdefinekey
s/kvdefinekeys.sty
Package: kvdefinekeys 2019-12-19 v1.6 Define keys (HO)
)
(/opt/homebrew/Cellar/texlive/20240312/share/texmf-dist/tex/generic/pdfescape/p
dfescape.sty
Package: pdfescape 2019/12/09 v1.15 Implements pdfTeX's escape features (HO)

(/opt/homebrew/Cellar/texlive/20240312/share/texmf-dist/tex/generic/ltxcmds/ltx
cmds.sty
Package: ltxcmds 2023-12-04 v1.26 LaTeX kernel commands for general use (HO)
)
(/opt/homebrew/Cellar/texlive/20240312/share/texmf-dist/tex/generic/pdftexcmds/
pdftexcmds.sty
Package: pdftexcmds 2020-06-27 v0.33 Utility functions of pdfTeX for LuaTeX (HO
)

(/opt/homebrew/Cellar/texlive/20240312/share/texmf-dist/tex/generic/infwarerr/i
nfwarerr.sty
Package: infwarerr 2019/12/03 v1.5 Providing info/warning/error messages (HO)
)
Package pdftexcmds Info: \pdf@primitive is available.
Package pdftexcmds Info: \pdf@ifprimitive is available.
Package pdftexcmds Info: \pdfdraftmode found.
))
(/opt/homebrew/Cellar/texlive/20240312/share/texmf-dist/tex/latex/hycolor/hycol
or.sty
Package: hycolor 2020-01-27 v1.10 Color options for hyperref/bookmark (HO)
)
(/opt/homebrew/Cellar/texlive/20240312/share/texmf-dist/tex/latex/auxhook/auxho
ok.sty
Package: auxhook 2019-12-17 v1.6 Hooks for auxiliary files (HO)
)
(/opt/homebrew/Cellar/texlive/20240312/share/texmf-dist/tex/latex/hyperref/name
ref.sty
Package: nameref 2023-11-26 v2.56 Cross-referencing by name of section

(/opt/homebrew/Cellar/texlive/20240312/share/texmf-dist/tex/latex/refcount/refc
ount.sty
Package: refcount 2019/12/15 v3.6 Data extraction from label references (HO)
)
(/opt/homebrew/Cellar/texlive/20240312/share/texmf-dist/tex/generic/gettitlestr
ing/gettitlestring.sty
Package: gettitlestring 2019/12/15 v1.6 Cleanup title references (HO)

(/opt/homebrew/Cellar/texlive/20240312/share/texmf-dist/tex/latex/kvoptions/kvo
ptions.sty
Package: kvoptions 2022-06-15 v3.15 Key value format for package options (HO)
))
\c@section@level=\count293
)
\@linkdim=\dimen176
\Hy@linkcounter=\count294
\Hy@pagecounter=\count295

(/opt/homebrew/Cellar/texlive/20240312/share/texmf-dist/tex/latex/hyperref/pd1e
nc.def
File: pd1enc.def 2024-01-20 v7.01h Hyperref: PDFDocEncoding definition (HO)
Now handling font encoding PD1 ...
... no UTF-8 mapping file for font encoding PD1
)
(/opt/homebrew/Cellar/texlive/20240312/share/texmf-dist/tex/generic/intcalc/int
calc.sty
Package: intcalc 2019/12/15 v1.3 Expandable calculations with integers (HO)
)
\Hy@SavedSpaceFactor=\count296

(/opt/homebrew/Cellar/texlive/20240312/share/texmf-dist/tex/latex/hyperref/puen
c.def
File: puenc.def 2024-01-20 v7.01h Hyperref: PDF Unicode definition (HO)
Now handling font encoding PU ...
... no UTF-8 mapping file for font encoding PU
)
Package hyperref Info: Option `unicode' set `true' on input line 4062.
Package hyperref Info: Hyper figures OFF on input line 4179.
Package hyperref Info: Link nesting OFF on input line 4184.
Package hyperref Info: Hyper index ON on input line 4187.
Package hyperref Info: Plain pages OFF on input line 4194.
Package hyperref Info: Backreferencing OFF on input line 4199.
Package hyperref Info: Implicit mode ON; LaTeX internals redefined.
Package hyperref Info: Bookmarks ON on input line 4446.
\c@Hy@tempcnt=\count297

(/opt/homebrew/Cellar/texlive/20240312/share/texmf-dist/tex/latex/url/url.sty
\Urlmuskip=\muskip17
Package: url 2013/09/16  ver 3.4  Verb mode for urls, etc.
)
LaTeX Info: Redefining \url on input line 4784.
\XeTeXLinkMargin=\dimen177

(/opt/homebrew/Cellar/texlive/20240312/share/texmf-dist/tex/generic/bitset/bits
et.sty
Package: bitset 2019/12/09 v1.3 Handle bit-vector datatype (HO)

(/opt/homebrew/Cellar/texlive/20240312/share/texmf-dist/tex/generic/bigintcalc/
bigintcalc.sty
Package: bigintcalc 2019/12/15 v1.5 Expandable calculations on big integers (HO
)
))
\Fld@menulength=\count298
\Field@Width=\dimen178
\Fld@charsize=\dimen179
Package hyperref Info: Hyper figures OFF on input line 6063.
Package hyperref Info: Link nesting OFF on input line 6068.
Package hyperref Info: Hyper index ON on input line 6071.
Package hyperref Info: backreferencing OFF on input line 6078.
Package hyperref Info: Link coloring OFF on input line 6083.
Package hyperref Info: Link coloring with OCG OFF on input line 6088.
Package hyperref Info: PDF/A mode OFF on input line 6093.

(/opt/homebrew/Cellar/texlive/20240312/share/texmf-dist/tex/latex/base/atbegshi
-ltx.sty
Package: atbegshi-ltx 2021/01/10 v1.0c Emulation of the original atbegshi
package with kernel methods
)
\Hy@abspage=\count299
\c@Item=\count300
\c@Hfootnote=\count301
)
Package hyperref Info: Driver (autodetected): hpdftex.

(/opt/homebrew/Cellar/texlive/20240312/share/texmf-dist/tex/latex/hyperref/hpdf
tex.def
File: hpdftex.def 2024-01-20 v7.01h Hyperref driver for pdfTeX

(/opt/homebrew/Cellar/texlive/20240312/share/texmf-dist/tex/latex/base/atveryen
d-ltx.sty
Package: atveryend-ltx 2020/08/19 v1.0a Emulation of the original atveryend pac
kage
with kernel methods
)
\Fld@listcount=\count302
\c@bookmark@seq@number=\count303

(/opt/homebrew/Cellar/texlive/20240312/share/texmf-dist/tex/latex/rerunfilechec
k/rerunfilecheck.sty
Package: rerunfilecheck 2022-07-10 v1.10 Rerun checks for auxiliary files (HO)

(/opt/homebrew/Cellar/texlive/20240312/share/texmf-dist/tex/generic/uniquecount
er/uniquecounter.sty
Package: uniquecounter 2019/12/15 v1.4 Provide unlimited unique counter (HO)
)
Package uniquecounter Info: New unique counter `rerunfilecheck' on input line 2
85.
)
\Hy@SectionHShift=\skip64
)
(/opt/homebrew/Cellar/texlive/20240312/share/texmf-dist/tex/latex/bookmark/bkm-
pdftex.def
File: bkm-pdftex.def 2023-12-10 v1.31 bookmark driver for pdfTeX and luaTeX (HO
)
\BKM@id=\count304
))
(/opt/homebrew/Cellar/texlive/20240312/share/texmf-dist/tex/latex/caption/capti
on.sty
Package: caption 2023/08/05 v3.6o Customizing captions (AR)

(/opt/homebrew/Cellar/texlive/20240312/share/texmf-dist/tex/latex/caption/capti
on3.sty
Package: caption3 2023/07/31 v2.4d caption3 kernel (AR)
\caption@tempdima=\dimen180
\captionmargin=\dimen181
\caption@leftmargin=\dimen182
\caption@rightmargin=\dimen183
\caption@width=\dimen184
\caption@indent=\dimen185
\caption@parindent=\dimen186
\caption@hangindent=\dimen187
Package caption Info: Standard document class detected.
)
\c@caption@flags=\count305
\c@continuedfloat=\count306
Package caption Info: hyperref package is loaded.
Package caption Info: longtable package is loaded.

(/opt/homebrew/Cellar/texlive/20240312/share/texmf-dist/tex/latex/caption/ltcap
tion.sty
Package: ltcaption 2021/01/08 v1.4c longtable captions (AR)
))
(/opt/homebrew/Cellar/texlive/20240312/share/texmf-dist/tex/latex/float/float.s
ty
Package: float 2001/11/08 v1.3d Float enhancements (AL)
\c@float@type=\count307
\float@exts=\toks30
\float@box=\box63
\@float@everytoks=\toks31
\@floatcapt=\box64
)
\@float@every@codelisting=\toks32
\c@codelisting=\count308

(/opt/homebrew/Cellar/texlive/20240312/share/texmf-dist/tex/latex/caption/subca
ption.sty
Package: subcaption 2023/07/28 v1.6b Sub-captions (AR)
Package caption Info: New subtype `subfigure' on input line 238.
\c@subfigure=\count309
Package caption Info: New subtype `subtable' on input line 238.
\c@subtable=\count310
)
(/opt/homebrew/Cellar/texlive/20240312/share/texmf-dist/tex/latex/tcolorbox/tco
lorbox.sty
Package: tcolorbox 2024/01/10 version 6.2.0 text color boxes

(/opt/homebrew/Cellar/texlive/20240312/share/texmf-dist/tex/latex/pgf/basiclaye
r/pgf.sty
(/opt/homebrew/Cellar/texlive/20240312/share/texmf-dist/tex/latex/pgf/utilities
/pgfrcs.sty
(/opt/homebrew/Cellar/texlive/20240312/share/texmf-dist/tex/generic/pgf/utiliti
es/pgfutil-common.tex
\pgfutil@everybye=\toks33
\pgfutil@tempdima=\dimen188
\pgfutil@tempdimb=\dimen189
)
(/opt/homebrew/Cellar/texlive/20240312/share/texmf-dist/tex/generic/pgf/utiliti
es/pgfutil-latex.def
\pgfutil@abb=\box65
)
(/opt/homebrew/Cellar/texlive/20240312/share/texmf-dist/tex/generic/pgf/utiliti
es/pgfrcs.code.tex
(/opt/homebrew/Cellar/texlive/20240312/share/texmf-dist/tex/generic/pgf/pgf.rev
ision.tex)
Package: pgfrcs 2023-01-15 v3.1.10 (3.1.10)
))
Package: pgf 2023-01-15 v3.1.10 (3.1.10)

(/opt/homebrew/Cellar/texlive/20240312/share/texmf-dist/tex/latex/pgf/basiclaye
r/pgfcore.sty
(/opt/homebrew/Cellar/texlive/20240312/share/texmf-dist/tex/latex/pgf/systemlay
er/pgfsys.sty
(/opt/homebrew/Cellar/texlive/20240312/share/texmf-dist/tex/generic/pgf/systeml
ayer/pgfsys.code.tex
Package: pgfsys 2023-01-15 v3.1.10 (3.1.10)

(/opt/homebrew/Cellar/texlive/20240312/share/texmf-dist/tex/generic/pgf/utiliti
es/pgfkeys.code.tex
\pgfkeys@pathtoks=\toks34
\pgfkeys@temptoks=\toks35

(/opt/homebrew/Cellar/texlive/20240312/share/texmf-dist/tex/generic/pgf/utiliti
es/pgfkeyslibraryfiltered.code.tex
\pgfkeys@tmptoks=\toks36
))
\pgf@x=\dimen190
\pgf@y=\dimen191
\pgf@xa=\dimen192
\pgf@ya=\dimen193
\pgf@xb=\dimen194
\pgf@yb=\dimen195
\pgf@xc=\dimen196
\pgf@yc=\dimen197
\pgf@xd=\dimen198
\pgf@yd=\dimen199
\w@pgf@writea=\write4
\r@pgf@reada=\read3
\c@pgf@counta=\count311
\c@pgf@countb=\count312
\c@pgf@countc=\count313
\c@pgf@countd=\count314
\t@pgf@toka=\toks37
\t@pgf@tokb=\toks38
\t@pgf@tokc=\toks39
\pgf@sys@id@count=\count315

(/opt/homebrew/Cellar/texlive/20240312/share/texmf-dist/tex/generic/pgf/systeml
ayer/pgf.cfg
File: pgf.cfg 2023-01-15 v3.1.10 (3.1.10)
)
Driver file for pgf: pgfsys-pdftex.def

(/opt/homebrew/Cellar/texlive/20240312/share/texmf-dist/tex/generic/pgf/systeml
ayer/pgfsys-pdftex.def
File: pgfsys-pdftex.def 2023-01-15 v3.1.10 (3.1.10)

(/opt/homebrew/Cellar/texlive/20240312/share/texmf-dist/tex/generic/pgf/systeml
ayer/pgfsys-common-pdf.def
File: pgfsys-common-pdf.def 2023-01-15 v3.1.10 (3.1.10)
)))
(/opt/homebrew/Cellar/texlive/20240312/share/texmf-dist/tex/generic/pgf/systeml
ayer/pgfsyssoftpath.code.tex
File: pgfsyssoftpath.code.tex 2023-01-15 v3.1.10 (3.1.10)
\pgfsyssoftpath@smallbuffer@items=\count316
\pgfsyssoftpath@bigbuffer@items=\count317
)
(/opt/homebrew/Cellar/texlive/20240312/share/texmf-dist/tex/generic/pgf/systeml
ayer/pgfsysprotocol.code.tex
File: pgfsysprotocol.code.tex 2023-01-15 v3.1.10 (3.1.10)
))
(/opt/homebrew/Cellar/texlive/20240312/share/texmf-dist/tex/generic/pgf/basicla
yer/pgfcore.code.tex
Package: pgfcore 2023-01-15 v3.1.10 (3.1.10)

(/opt/homebrew/Cellar/texlive/20240312/share/texmf-dist/tex/generic/pgf/math/pg
fmath.code.tex
(/opt/homebrew/Cellar/texlive/20240312/share/texmf-dist/tex/generic/pgf/math/pg
fmathutil.code.tex)
(/opt/homebrew/Cellar/texlive/20240312/share/texmf-dist/tex/generic/pgf/math/pg
fmathparser.code.tex
\pgfmath@dimen=\dimen256
\pgfmath@count=\count318
\pgfmath@box=\box66
\pgfmath@toks=\toks40
\pgfmath@stack@operand=\toks41
\pgfmath@stack@operation=\toks42
)
(/opt/homebrew/Cellar/texlive/20240312/share/texmf-dist/tex/generic/pgf/math/pg
fmathfunctions.code.tex)
(/opt/homebrew/Cellar/texlive/20240312/share/texmf-dist/tex/generic/pgf/math/pg
fmathfunctions.basic.code.tex)
(/opt/homebrew/Cellar/texlive/20240312/share/texmf-dist/tex/generic/pgf/math/pg
fmathfunctions.trigonometric.code.tex)
(/opt/homebrew/Cellar/texlive/20240312/share/texmf-dist/tex/generic/pgf/math/pg
fmathfunctions.random.code.tex)
(/opt/homebrew/Cellar/texlive/20240312/share/texmf-dist/tex/generic/pgf/math/pg
fmathfunctions.comparison.code.tex)
(/opt/homebrew/Cellar/texlive/20240312/share/texmf-dist/tex/generic/pgf/math/pg
fmathfunctions.base.code.tex)
(/opt/homebrew/Cellar/texlive/20240312/share/texmf-dist/tex/generic/pgf/math/pg
fmathfunctions.round.code.tex)
(/opt/homebrew/Cellar/texlive/20240312/share/texmf-dist/tex/generic/pgf/math/pg
fmathfunctions.misc.code.tex)
(/opt/homebrew/Cellar/texlive/20240312/share/texmf-dist/tex/generic/pgf/math/pg
fmathfunctions.integerarithmetics.code.tex)
(/opt/homebrew/Cellar/texlive/20240312/share/texmf-dist/tex/generic/pgf/math/pg
fmathcalc.code.tex)
(/opt/homebrew/Cellar/texlive/20240312/share/texmf-dist/tex/generic/pgf/math/pg
fmathfloat.code.tex
\c@pgfmathroundto@lastzeros=\count319
))
(/opt/homebrew/Cellar/texlive/20240312/share/texmf-dist/tex/generic/pgf/math/pg
fint.code.tex)
(/opt/homebrew/Cellar/texlive/20240312/share/texmf-dist/tex/generic/pgf/basicla
yer/pgfcorepoints.code.tex
File: pgfcorepoints.code.tex 2023-01-15 v3.1.10 (3.1.10)
\pgf@picminx=\dimen257
\pgf@picmaxx=\dimen258
\pgf@picminy=\dimen259
\pgf@picmaxy=\dimen260
\pgf@pathminx=\dimen261
\pgf@pathmaxx=\dimen262
\pgf@pathminy=\dimen263
\pgf@pathmaxy=\dimen264
\pgf@xx=\dimen265
\pgf@xy=\dimen266
\pgf@yx=\dimen267
\pgf@yy=\dimen268
\pgf@zx=\dimen269
\pgf@zy=\dimen270
)
(/opt/homebrew/Cellar/texlive/20240312/share/texmf-dist/tex/generic/pgf/basicla
yer/pgfcorepathconstruct.code.tex
File: pgfcorepathconstruct.code.tex 2023-01-15 v3.1.10 (3.1.10)
\pgf@path@lastx=\dimen271
\pgf@path@lasty=\dimen272
)
(/opt/homebrew/Cellar/texlive/20240312/share/texmf-dist/tex/generic/pgf/basicla
yer/pgfcorepathusage.code.tex
File: pgfcorepathusage.code.tex 2023-01-15 v3.1.10 (3.1.10)
\pgf@shorten@end@additional=\dimen273
\pgf@shorten@start@additional=\dimen274
)
(/opt/homebrew/Cellar/texlive/20240312/share/texmf-dist/tex/generic/pgf/basicla
yer/pgfcorescopes.code.tex
File: pgfcorescopes.code.tex 2023-01-15 v3.1.10 (3.1.10)
\pgfpic=\box67
\pgf@hbox=\box68
\pgf@layerbox@main=\box69
\pgf@picture@serial@count=\count320
)
(/opt/homebrew/Cellar/texlive/20240312/share/texmf-dist/tex/generic/pgf/basicla
yer/pgfcoregraphicstate.code.tex
File: pgfcoregraphicstate.code.tex 2023-01-15 v3.1.10 (3.1.10)
\pgflinewidth=\dimen275
)
(/opt/homebrew/Cellar/texlive/20240312/share/texmf-dist/tex/generic/pgf/basicla
yer/pgfcoretransformations.code.tex
File: pgfcoretransformations.code.tex 2023-01-15 v3.1.10 (3.1.10)
\pgf@pt@x=\dimen276
\pgf@pt@y=\dimen277
\pgf@pt@temp=\dimen278
)
(/opt/homebrew/Cellar/texlive/20240312/share/texmf-dist/tex/generic/pgf/basicla
yer/pgfcorequick.code.tex
File: pgfcorequick.code.tex 2023-01-15 v3.1.10 (3.1.10)
)
(/opt/homebrew/Cellar/texlive/20240312/share/texmf-dist/tex/generic/pgf/basicla
yer/pgfcoreobjects.code.tex
File: pgfcoreobjects.code.tex 2023-01-15 v3.1.10 (3.1.10)
)
(/opt/homebrew/Cellar/texlive/20240312/share/texmf-dist/tex/generic/pgf/basicla
yer/pgfcorepathprocessing.code.tex
File: pgfcorepathprocessing.code.tex 2023-01-15 v3.1.10 (3.1.10)
)
(/opt/homebrew/Cellar/texlive/20240312/share/texmf-dist/tex/generic/pgf/basicla
yer/pgfcorearrows.code.tex
File: pgfcorearrows.code.tex 2023-01-15 v3.1.10 (3.1.10)
\pgfarrowsep=\dimen279
)
(/opt/homebrew/Cellar/texlive/20240312/share/texmf-dist/tex/generic/pgf/basicla
yer/pgfcoreshade.code.tex
File: pgfcoreshade.code.tex 2023-01-15 v3.1.10 (3.1.10)
\pgf@max=\dimen280
\pgf@sys@shading@range@num=\count321
\pgf@shadingcount=\count322
)
(/opt/homebrew/Cellar/texlive/20240312/share/texmf-dist/tex/generic/pgf/basicla
yer/pgfcoreimage.code.tex
File: pgfcoreimage.code.tex 2023-01-15 v3.1.10 (3.1.10)
)
(/opt/homebrew/Cellar/texlive/20240312/share/texmf-dist/tex/generic/pgf/basicla
yer/pgfcoreexternal.code.tex
File: pgfcoreexternal.code.tex 2023-01-15 v3.1.10 (3.1.10)
\pgfexternal@startupbox=\box70
)
(/opt/homebrew/Cellar/texlive/20240312/share/texmf-dist/tex/generic/pgf/basicla
yer/pgfcorelayers.code.tex
File: pgfcorelayers.code.tex 2023-01-15 v3.1.10 (3.1.10)
)
(/opt/homebrew/Cellar/texlive/20240312/share/texmf-dist/tex/generic/pgf/basicla
yer/pgfcoretransparency.code.tex
File: pgfcoretransparency.code.tex 2023-01-15 v3.1.10 (3.1.10)
)
(/opt/homebrew/Cellar/texlive/20240312/share/texmf-dist/tex/generic/pgf/basicla
yer/pgfcorepatterns.code.tex
File: pgfcorepatterns.code.tex 2023-01-15 v3.1.10 (3.1.10)
)
(/opt/homebrew/Cellar/texlive/20240312/share/texmf-dist/tex/generic/pgf/basicla
yer/pgfcorerdf.code.tex
File: pgfcorerdf.code.tex 2023-01-15 v3.1.10 (3.1.10)
)))
(/opt/homebrew/Cellar/texlive/20240312/share/texmf-dist/tex/generic/pgf/modules
/pgfmoduleshapes.code.tex
File: pgfmoduleshapes.code.tex 2023-01-15 v3.1.10 (3.1.10)
\pgfnodeparttextbox=\box71
)
(/opt/homebrew/Cellar/texlive/20240312/share/texmf-dist/tex/generic/pgf/modules
/pgfmoduleplot.code.tex
File: pgfmoduleplot.code.tex 2023-01-15 v3.1.10 (3.1.10)
)
(/opt/homebrew/Cellar/texlive/20240312/share/texmf-dist/tex/latex/pgf/compatibi
lity/pgfcomp-version-0-65.sty
Package: pgfcomp-version-0-65 2023-01-15 v3.1.10 (3.1.10)
\pgf@nodesepstart=\dimen281
\pgf@nodesepend=\dimen282
)
(/opt/homebrew/Cellar/texlive/20240312/share/texmf-dist/tex/latex/pgf/compatibi
lity/pgfcomp-version-1-18.sty
Package: pgfcomp-version-1-18 2023-01-15 v3.1.10 (3.1.10)
))
(/opt/homebrew/Cellar/texlive/20240312/share/texmf-dist/tex/latex/tools/verbati
m.sty
Package: verbatim 2023-11-06 v1.5v LaTeX2e package for verbatim enhancements
\every@verbatim=\toks43
\verbatim@line=\toks44
\verbatim@in@stream=\read4
)
(/opt/homebrew/Cellar/texlive/20240312/share/texmf-dist/tex/latex/environ/envir
on.sty
Package: environ 2014/05/04 v0.3 A new way to define environments

(/opt/homebrew/Cellar/texlive/20240312/share/texmf-dist/tex/latex/trimspaces/tr
imspaces.sty
Package: trimspaces 2009/09/17 v1.1 Trim spaces around a token list
))
\tcb@titlebox=\box72
\tcb@upperbox=\box73
\tcb@lowerbox=\box74
\tcb@phantombox=\box75
\c@tcbbreakpart=\count323
\c@tcblayer=\count324
\c@tcolorbox@number=\count325
\l__tcobox_tmpa_box=\box76
\l__tcobox_tmpa_dim=\dimen283
\tcb@temp=\box77
\tcb@temp=\box78
\tcb@temp=\box79
\tcb@temp=\box80

(/opt/homebrew/Cellar/texlive/20240312/share/texmf-dist/tex/latex/tcolorbox/tcb
skins.code.tex
Library (tcolorbox): 'tcbskins.code.tex' version '6.2.0'

(/opt/homebrew/Cellar/texlive/20240312/share/texmf-dist/tex/latex/pgf/frontendl
ayer/tikz.sty
(/opt/homebrew/Cellar/texlive/20240312/share/texmf-dist/tex/latex/pgf/utilities
/pgffor.sty
(/opt/homebrew/Cellar/texlive/20240312/share/texmf-dist/tex/latex/pgf/utilities
/pgfkeys.sty
(/opt/homebrew/Cellar/texlive/20240312/share/texmf-dist/tex/generic/pgf/utiliti
es/pgfkeys.code.tex))
(/opt/homebrew/Cellar/texlive/20240312/share/texmf-dist/tex/latex/pgf/math/pgfm
ath.sty
(/opt/homebrew/Cellar/texlive/20240312/share/texmf-dist/tex/generic/pgf/math/pg
fmath.code.tex))
(/opt/homebrew/Cellar/texlive/20240312/share/texmf-dist/tex/generic/pgf/utiliti
es/pgffor.code.tex
Package: pgffor 2023-01-15 v3.1.10 (3.1.10)
\pgffor@iter=\dimen284
\pgffor@skip=\dimen285
\pgffor@stack=\toks45
\pgffor@toks=\toks46
))
(/opt/homebrew/Cellar/texlive/20240312/share/texmf-dist/tex/generic/pgf/fronten
dlayer/tikz/tikz.code.tex
Package: tikz 2023-01-15 v3.1.10 (3.1.10)

(/opt/homebrew/Cellar/texlive/20240312/share/texmf-dist/tex/generic/pgf/librari
es/pgflibraryplothandlers.code.tex
File: pgflibraryplothandlers.code.tex 2023-01-15 v3.1.10 (3.1.10)
\pgf@plot@mark@count=\count326
\pgfplotmarksize=\dimen286
)
\tikz@lastx=\dimen287
\tikz@lasty=\dimen288
\tikz@lastxsaved=\dimen289
\tikz@lastysaved=\dimen290
\tikz@lastmovetox=\dimen291
\tikz@lastmovetoy=\dimen292
\tikzleveldistance=\dimen293
\tikzsiblingdistance=\dimen294
\tikz@figbox=\box81
\tikz@figbox@bg=\box82
\tikz@tempbox=\box83
\tikz@tempbox@bg=\box84
\tikztreelevel=\count327
\tikznumberofchildren=\count328
\tikznumberofcurrentchild=\count329
\tikz@fig@count=\count330

(/opt/homebrew/Cellar/texlive/20240312/share/texmf-dist/tex/generic/pgf/modules
/pgfmodulematrix.code.tex
File: pgfmodulematrix.code.tex 2023-01-15 v3.1.10 (3.1.10)
\pgfmatrixcurrentrow=\count331
\pgfmatrixcurrentcolumn=\count332
\pgf@matrix@numberofcolumns=\count333
)
\tikz@expandcount=\count334

(/opt/homebrew/Cellar/texlive/20240312/share/texmf-dist/tex/generic/pgf/fronten
dlayer/tikz/libraries/tikzlibrarytopaths.code.tex
File: tikzlibrarytopaths.code.tex 2023-01-15 v3.1.10 (3.1.10)
)))
(/opt/homebrew/Cellar/texlive/20240312/share/texmf-dist/tex/latex/tikzfill/tikz
fill.image.sty
Package: tikzfill.image 2023/08/08 v1.0.1 Image filling library for TikZ

(/opt/homebrew/Cellar/texlive/20240312/share/texmf-dist/tex/latex/tikzfill/tikz
fill-common.sty
Package: tikzfill-common 2023/08/08 v1.0.1 Auxiliary code for tikzfill
)
(/opt/homebrew/Cellar/texlive/20240312/share/texmf-dist/tex/latex/tikzfill/tikz
libraryfill.image.code.tex
File: tikzlibraryfill.image.code.tex 2023/08/08 v1.0.1 Image filling library
\l__tikzfill_img_box=\box85
))
(/opt/homebrew/Cellar/texlive/20240312/share/texmf-dist/tex/latex/tcolorbox/tcb
skinsjigsaw.code.tex
Library (tcolorbox): 'tcbskinsjigsaw.code.tex' version '6.2.0'
))
(/opt/homebrew/Cellar/texlive/20240312/share/texmf-dist/tex/latex/tcolorbox/tcb
breakable.code.tex
Library (tcolorbox): 'tcbbreakable.code.tex' version '6.2.0'

(/opt/homebrew/Cellar/texlive/20240312/share/texmf-dist/tex/latex/pdfcol/pdfcol
.sty
Package: pdfcol 2022-09-21 v1.7 Handle new color stacks for pdfTeX (HO)
)
Package pdfcol Info: New color stack `tcb@breakable' = 1 on input line 23.
\tcb@testbox=\box86
\tcb@totalupperbox=\box87
\tcb@totallowerbox=\box88
))
(/opt/homebrew/Cellar/texlive/20240312/share/texmf-dist/tex/latex/xurl/xurl.sty
Package: xurl 2022/01/09 v 0.10 modify URL breaks
)
Package hyperref Info: Option `colorlinks' set `true' on input line 178.
LaTeX Font Info:    Trying to load font information for T1+lmr on input line 18
5.
 (/opt/homebrew/Cellar/texlive/20240312/share/texmf-dist/tex/latex/lm/t1lmr.fd
File: t1lmr.fd 2015/05/01 v1.6.1 Font defs for Latin Modern
)
(/opt/homebrew/Cellar/texlive/20240312/share/texmf-dist/tex/latex/l3backend/l3b
ackend-pdftex.def
File: l3backend-pdftex.def 2024-02-20 L3 backend support: PDF output (pdfTeX)
\l__color_backend_stack_int=\count335
\l__pdf_internal_box=\box89
)
No file index.aux.
\openout1 = `index.aux'.

LaTeX Font Info:    Checking defaults for OML/cmm/m/it on input line 185.
LaTeX Font Info:    ... okay on input line 185.
LaTeX Font Info:    Checking defaults for OMS/cmsy/m/n on input line 185.
LaTeX Font Info:    ... okay on input line 185.
LaTeX Font Info:    Checking defaults for OT1/cmr/m/n on input line 185.
LaTeX Font Info:    ... okay on input line 185.
LaTeX Font Info:    Checking defaults for T1/cmr/m/n on input line 185.
LaTeX Font Info:    ... okay on input line 185.
LaTeX Font Info:    Checking defaults for TS1/cmr/m/n on input line 185.
LaTeX Font Info:    ... okay on input line 185.
LaTeX Font Info:    Checking defaults for OMX/cmex/m/n on input line 185.
LaTeX Font Info:    ... okay on input line 185.
LaTeX Font Info:    Checking defaults for U/cmr/m/n on input line 185.
LaTeX Font Info:    ... okay on input line 185.
LaTeX Font Info:    Checking defaults for PD1/pdf/m/n on input line 185.
LaTeX Font Info:    ... okay on input line 185.
LaTeX Font Info:    Checking defaults for PU/pdf/m/n on input line 185.
LaTeX Font Info:    ... okay on input line 185.
LaTeX Info: Redefining \microtypecontext on input line 185.
Package microtype Info: Applying patch `item' on input line 185.
Package microtype Info: Applying patch `toc' on input line 185.
Package microtype Info: Applying patch `eqnum' on input line 185.
Package microtype Info: Applying patch `footnote' on input line 185.
Package microtype Info: Applying patch `verbatim' on input line 185.
Package microtype Info: Generating PDF output.
Package microtype Info: Character protrusion enabled (level 2).
Package microtype Info: Using protrusion set `basicmath'.
Package microtype Info: Automatic font expansion enabled (level 2),
(microtype)             stretch: 20, shrink: 20, step: 1, non-selected.
Package microtype Info: Using default expansion set `alltext-nott'.
LaTeX Info: Redefining \showhyphens on input line 185.
Package microtype Info: No adjustment of tracking.
Package microtype Info: No adjustment of interword spacing.
Package microtype Info: No adjustment of character kerning.

(/opt/homebrew/Cellar/texlive/20240312/share/texmf-dist/tex/latex/microtype/mt-
cmr.cfg
File: mt-cmr.cfg 2013/05/19 v2.2 microtype config. file: Computer Modern Roman 
(RS)
)
(/opt/homebrew/Cellar/texlive/20240312/share/texmf-dist/tex/context/base/mkii/s
upp-pdf.mkii
[Loading MPS to PDF converter (version 2006.09.02).]
\scratchcounter=\count336
\scratchdimen=\dimen295
\scratchbox=\box90
\nofMPsegments=\count337
\nofMParguments=\count338
\everyMPshowfont=\toks47
\MPscratchCnt=\count339
\MPscratchDim=\dimen296
\MPnumerator=\count340
\makeMPintoPDFobject=\count341
\everyMPtoPDFconversion=\toks48
)
(/opt/homebrew/Cellar/texlive/20240312/share/texmf-dist/tex/latex/epstopdf-pkg/
epstopdf-base.sty
Package: epstopdf-base 2020-01-24 v2.11 Base part for package epstopdf
Package epstopdf-base Info: Redefining graphics rule for `.eps' on input line 4
85.

(/opt/homebrew/Cellar/texlive/20240312/share/texmf-dist/tex/latex/latexconfig/e
pstopdf-sys.cfg
File: epstopdf-sys.cfg 2010/07/13 v1.3 Configuration of (r)epstopdf for TeX Liv
e
))
Package hyperref Info: Link coloring ON on input line 185.
Package caption Info: Begin \AtBeginDocument code.
Package caption Info: float package is loaded.
Package caption Info: End \AtBeginDocument code.
LaTeX Font Info:    Trying to load font information for OT1+lmr on input line 1
87.

(/opt/homebrew/Cellar/texlive/20240312/share/texmf-dist/tex/latex/lm/ot1lmr.fd
File: ot1lmr.fd 2015/05/01 v1.6.1 Font defs for Latin Modern
)
LaTeX Font Info:    Trying to load font information for OML+lmm on input line 1
87.
(/opt/homebrew/Cellar/texlive/20240312/share/texmf-dist/tex/latex/lm/omllmm.fd
File: omllmm.fd 2015/05/01 v1.6.1 Font defs for Latin Modern
)
LaTeX Font Info:    Trying to load font information for OMS+lmsy on input line 
187.

(/opt/homebrew/Cellar/texlive/20240312/share/texmf-dist/tex/latex/lm/omslmsy.fd
File: omslmsy.fd 2015/05/01 v1.6.1 Font defs for Latin Modern
)
LaTeX Font Info:    Trying to load font information for OMX+lmex on input line 
187.

(/opt/homebrew/Cellar/texlive/20240312/share/texmf-dist/tex/latex/lm/omxlmex.fd
File: omxlmex.fd 2015/05/01 v1.6.1 Font defs for Latin Modern
)
LaTeX Font Info:    External font `lmex10' loaded for size
(Font)              <12> on input line 187.
LaTeX Font Info:    External font `lmex10' loaded for size
(Font)              <8> on input line 187.
LaTeX Font Info:    External font `lmex10' loaded for size
(Font)              <6> on input line 187.
LaTeX Font Info:    Trying to load font information for U+msa on input line 187
.

(/opt/homebrew/Cellar/texlive/20240312/share/texmf-dist/tex/latex/amsfonts/umsa
.fd
File: umsa.fd 2013/01/14 v3.01 AMS symbols A
)
(/opt/homebrew/Cellar/texlive/20240312/share/texmf-dist/tex/latex/microtype/mt-
msa.cfg
File: mt-msa.cfg 2006/02/04 v1.1 microtype config. file: AMS symbols (a) (RS)
)
LaTeX Font Info:    Trying to load font information for U+msb on input line 187
.

(/opt/homebrew/Cellar/texlive/20240312/share/texmf-dist/tex/latex/amsfonts/umsb
.fd
File: umsb.fd 2013/01/14 v3.01 AMS symbols B
)
(/opt/homebrew/Cellar/texlive/20240312/share/texmf-dist/tex/latex/microtype/mt-
msb.cfg
File: mt-msb.cfg 2005/06/01 v1.0 microtype config. file: AMS symbols (b) (RS)
) [1

{/opt/homebrew/Cellar/texlive/20240312/share/texmf-dist/fonts/map/pdftex/updmap
/pdftex.map}{/opt/homebrew/Cellar/texlive/20240312/share/texmf-dist/fonts/enc/d
vips/lm/lm-ec.enc}]
No file index.toc.
\tf@toc=\write5
\openout5 = `index.toc'.


pdfTeX warning (ext4): destination with the same identifier (name{page.1}) has 
been already used, duplicate ignored
<to be read again> 
                   \relax 
l.198 \chapter{Abstract}\label{abstract}}
                                          [1

]
Chapter 1.
[2

]
Chapter 2.
<images/diagnol_lines.jpg, id=27, 642.4pt x 642.4pt>
File: images/diagnol_lines.jpg Graphic file (type jpg)
<use images/diagnol_lines.jpg>
Package pdftex.def Info: images/diagnol_lines.jpg  used on input line 257.
(pdftex.def)             Requested size: 172.4995pt x 172.4995pt.

Overfull \hbox (6.66615pt too wide) in paragraph at lines 253--258
 [][] 
 []

<images/san_francisco_scale_zoom_12.png, id=28, 301.125pt x 200.75pt>
File: images/san_francisco_scale_zoom_12.png Graphic file (type png)
<use images/san_francisco_scale_zoom_12.png>
Package pdftex.def Info: images/san_francisco_scale_zoom_12.png  used on input 
line 272.
(pdftex.def)             Requested size: 172.50684pt x 115.00456pt.

Overfull \hbox (6.6735pt too wide) in paragraph at lines 268--273
 [][] 
 []

<images/grass_image2.jpg, id=29, 598.235pt x 396.48125pt>
File: images/grass_image2.jpg Graphic file (type jpg)
<use images/grass_image2.jpg>
Package pdftex.def Info: images/grass_image2.jpg  used on input line 287.
(pdftex.def)             Requested size: 172.49785pt x 114.32323pt.

Overfull \hbox (6.6645pt too wide) in paragraph at lines 283--288
 [][] 
 []

<images/living_lab_aerial/aerial_grass_living_lab_rotated.jpg, id=30, 785.93625
pt x 385.44pt>
File: images/living_lab_aerial/aerial_grass_living_lab_rotated.jpg Graphic file
 (type jpg)
<use images/living_lab_aerial/aerial_grass_living_lab_rotated.jpg>
Package pdftex.def Info: images/living_lab_aerial/aerial_grass_living_lab_rotat
ed.jpg  used on input line 302.
(pdftex.def)             Requested size: 172.49876pt x 84.59709pt.

Overfull \hbox (6.66542pt too wide) in paragraph at lines 298--303
 [][] 
 []

[3

] [4 <./images/diagnol_lines.jpg> <./images/san_francisco_scale_zoom_12.png> <.
/images/grass_image2.jpg> <./images/living_lab_aerial/aerial_grass_living_lab_r
otated.jpg>]
Chapter 3.
<images/plots/input_to_rescaled_plot.png, id=43, 505.89pt x 144.54pt>
File: images/plots/input_to_rescaled_plot.png Graphic file (type png)
<use images/plots/input_to_rescaled_plot.png>
Package pdftex.def Info: images/plots/input_to_rescaled_plot.png  used on input
 line 340.
(pdftex.def)             Requested size: 345.00414pt x 98.5726pt.

Overfull \hbox (6.67079pt too wide) in paragraph at lines 336--341
 [][] 
 []

LaTeX Font Info:    External font `lmex10' loaded for size
(Font)              <10> on input line 361.
LaTeX Font Info:    External font `lmex10' loaded for size
(Font)              <7> on input line 361.
LaTeX Font Info:    External font `lmex10' loaded for size
(Font)              <5> on input line 361.

! LaTeX Error: Unicode character − (U+2212)
               not set up for use with LaTeX.

See the LaTeX manual or LaTeX Companion for explanation.
Type  H <return>  for immediate help.
 ...                                              
                                                  
l.361 \(G_x=I(r,c+1)−
                       I(r,c-1)\)
? H
You may provide a definition with
\DeclareUnicodeCharacter 
? \DeclareUnicodeCharacter
Type <return> to proceed, S to scroll future error messages,
R to run without stopping, Q to run quietly,
I to insert something, E to edit your file,
1 or ... or 9 to ignore the next 1 to 9 tokens of input,
H for help, X to quit.
? R
OK, entering \nonstopmode...

! LaTeX Error: Unicode character − (U+2212)
               not set up for use with LaTeX.

See the LaTeX manual or LaTeX Companion for explanation.
Type  H <return>  for immediate help.
 ...                                              
                                                  
l.363 \(G_y=I(r+1,c)−
                       I(r-1,c)\)
You may provide a definition with
\DeclareUnicodeCharacter 

[5

{/opt/homebrew/Cellar/texlive/20240312/share/texmf-dist/fonts/enc/dvips/lm/lm-m
athit.enc}{/opt/homebrew/Cellar/texlive/20240312/share/texmf-dist/fonts/enc/dvi
ps/lm/lm-rm.enc}{/opt/homebrew/Cellar/texlive/20240312/share/texmf-dist/fonts/e
nc/dvips/lm/lm-mathsy.enc} <./images/plots/input_to_rescaled_plot.png>]

! LaTeX Error: Unicode character − (U+2212)
               not set up for use with LaTeX.

See the LaTeX manual or LaTeX Companion for explanation.
Type  H <return>  for immediate help.
 ...                                              
                                                  
l.377 \(Angle(\Theta)=tan^{−
                              1} (\frac{G_y}{G_x})\)
You may provide a definition with
\DeclareUnicodeCharacter 

<images/plots/internet_grass_mag.png, id=56, 154.176pt x 99.2508pt>
File: images/plots/internet_grass_mag.png Graphic file (type png)
<use images/plots/internet_grass_mag.png>
Package pdftex.def Info: images/plots/internet_grass_mag.png  used on input lin
e 389.
(pdftex.def)             Requested size: 154.1756pt x 99.25053pt.
[6{/opt/homebrew/Cellar/texlive/20240312/share/texmf-dist/fonts/enc/dvips/lm/lm
-mathex.enc} <./images/plots/internet_grass_mag.png>]
Chapter 4.
LaTeX Font Info:    Trying to load font information for T1+lmtt on input line 4
22.
(/opt/homebrew/Cellar/texlive/20240312/share/texmf-dist/tex/latex/lm/t1lmtt.fd
File: t1lmtt.fd 2015/05/01 v1.6.1 Font defs for Latin Modern
)
Overfull \hbox (74.99878pt too wide) in paragraph at lines 429--429
[]\T1/lmtt/m/n/10 -- Attaching core tidyverse packages ------------------------
 tidyverse 2.0.0 --[] 
 []


Overfull \hbox (74.99878pt too wide) in paragraph at lines 435--435
[]\T1/lmtt/m/n/10 -- Conflicts ------------------------------------------ tidyv
erse_conflicts() --[] 
 []


Overfull \hbox (185.24846pt too wide) in paragraph at lines 438--438
[]\T1/lmtt/m/n/10 i Use the conflicted package (<http://conflicted.r-lib.org/>)
 to force all conflicts to become errors[] 
 []


Overfull \hbox (11.99896pt too wide) in paragraph at lines 449--449
[]\T1/lmtt/m/n/10 Usage of the Mapbox APIs is governed by the Mapbox Terms of S
ervice.[] 
 []


Overfull \hbox (11.99896pt too wide) in paragraph at lines 450--450
[]\T1/lmtt/m/n/10 Please visit https://www.mapbox.com/legal/tos/ for more infor
mation.[] 
 []


Overfull \hbox (80.24876pt too wide) in paragraph at lines 461--461
[]\T1/lmtt/m/n/10 Enabled features: cairo, fontconfig, freetype, heic, lcms, pa
ngo, raw, rsvg, webp[] 
 []

[7

] [8] [9] [10] [11]
<results_files/figure-pdf/unnamed-chunk-5-1.pdf, id=98, 1084.05pt x 578.16pt>
File: results_files/figure-pdf/unnamed-chunk-5-1.pdf Graphic file (type pdf)
<use results_files/figure-pdf/unnamed-chunk-5-1.pdf>
Package pdftex.def Info: results_files/figure-pdf/unnamed-chunk-5-1.pdf  used o
n input line 709.
(pdftex.def)             Requested size: 345.00084pt x 184.00044pt.
 [12]
<results_files/figure-pdf/unnamed-chunk-5-2.pdf, id=104, 1084.05pt x 578.16pt>
File: results_files/figure-pdf/unnamed-chunk-5-2.pdf Graphic file (type pdf)
<use results_files/figure-pdf/unnamed-chunk-5-2.pdf>
Package pdftex.def Info: results_files/figure-pdf/unnamed-chunk-5-2.pdf  used o
n input line 717.
(pdftex.def)             Requested size: 345.00084pt x 184.00044pt.
<results_files/figure-pdf/unnamed-chunk-5-3.pdf, id=105, 1084.05pt x 578.16pt>
File: results_files/figure-pdf/unnamed-chunk-5-3.pdf Graphic file (type pdf)
<use results_files/figure-pdf/unnamed-chunk-5-3.pdf>
Package pdftex.def Info: results_files/figure-pdf/unnamed-chunk-5-3.pdf  used o
n input line 725.
(pdftex.def)             Requested size: 345.00084pt x 184.00044pt.
 [13 <./results_files/figure-pdf/unnamed-chunk-5-1.pdf> <./results_files/figure
-pdf/unnamed-chunk-5-2.pdf>]
<results_files/figure-pdf/unnamed-chunk-5-4.pdf, id=118, 1084.05pt x 578.16pt>
File: results_files/figure-pdf/unnamed-chunk-5-4.pdf Graphic file (type pdf)
<use results_files/figure-pdf/unnamed-chunk-5-4.pdf>
Package pdftex.def Info: results_files/figure-pdf/unnamed-chunk-5-4.pdf  used o
n input line 733.
(pdftex.def)             Requested size: 345.00084pt x 184.00044pt.
 [14 <./results_files/figure-pdf/unnamed-chunk-5-3.pdf> <./results_files/figure
-pdf/unnamed-chunk-5-4.pdf>]
LaTeX Font Info:    Trying to load font information for TS1+lmtt on input line 
798.

(/opt/homebrew/Cellar/texlive/20240312/share/texmf-dist/tex/latex/lm/ts1lmtt.fd
File: ts1lmtt.fd 2015/05/01 v1.6.1 Font defs for Latin Modern
) [15{/opt/homebrew/Cellar/texlive/20240312/share/texmf-dist/fonts/enc/dvips/lm
/lm-ts1.enc}]
<results_files/figure-pdf/unnamed-chunk-8-1.pdf, id=140, 1084.05pt x 578.16pt>
File: results_files/figure-pdf/unnamed-chunk-8-1.pdf Graphic file (type pdf)
<use results_files/figure-pdf/unnamed-chunk-8-1.pdf>
Package pdftex.def Info: results_files/figure-pdf/unnamed-chunk-8-1.pdf  used o
n input line 816.
(pdftex.def)             Requested size: 345.00084pt x 184.00044pt.
<results_files/figure-pdf/unnamed-chunk-8-2.pdf, id=141, 397.485pt x 252.945pt>

File: results_files/figure-pdf/unnamed-chunk-8-2.pdf Graphic file (type pdf)
<use results_files/figure-pdf/unnamed-chunk-8-2.pdf>
Package pdftex.def Info: results_files/figure-pdf/unnamed-chunk-8-2.pdf  used o
n input line 831.
(pdftex.def)             Requested size: 345.00856pt x 219.5509pt.
 [16 <./results_files/figure-pdf/unnamed-chunk-8-1.pdf> <./results_files/figure
-pdf/unnamed-chunk-8-2.pdf>]
Overfull \hbox (1.499pt too wide) in paragraph at lines 860--860
[]\TS1/lmtt/m/n/10 `\T1/lmtt/m/n/10 stat_bin()\TS1/lmtt/m/n/10 ` \T1/lmtt/m/n/1
0 using \TS1/lmtt/m/n/10 `\T1/lmtt/m/n/10 bins = 30\TS1/lmtt/m/n/10 `\T1/lmtt/m
/n/10 . Pick better value with \TS1/lmtt/m/n/10 `\T1/lmtt/m/n/10 binwidth\TS1/l
mtt/m/n/10 `\T1/lmtt/m/n/10 .[] 
 []

<results_files/figure-pdf/unnamed-chunk-9-5.pdf, id=170, 390.45876pt x 242.9075
pt>
File: results_files/figure-pdf/unnamed-chunk-9-5.pdf Graphic file (type pdf)
<use results_files/figure-pdf/unnamed-chunk-9-5.pdf>
Package pdftex.def Info: results_files/figure-pdf/unnamed-chunk-9-5.pdf  used o
n input line 865.
(pdftex.def)             Requested size: 345.01678pt x 214.63768pt.

Overfull \hbox (1.499pt too wide) in paragraph at lines 880--880
[]\TS1/lmtt/m/n/10 `\T1/lmtt/m/n/10 stat_bin()\TS1/lmtt/m/n/10 ` \T1/lmtt/m/n/1
0 using \TS1/lmtt/m/n/10 `\T1/lmtt/m/n/10 bins = 30\TS1/lmtt/m/n/10 `\T1/lmtt/m
/n/10 . Pick better value with \TS1/lmtt/m/n/10 `\T1/lmtt/m/n/10 binwidth\TS1/l
mtt/m/n/10 `\T1/lmtt/m/n/10 .[] 
 []

[17 <./results_files/figure-pdf/unnamed-chunk-9-5.pdf>]
Overfull \hbox (1.499pt too wide) in paragraph at lines 902--902
[]\TS1/lmtt/m/n/10 `\T1/lmtt/m/n/10 stat_bin()\TS1/lmtt/m/n/10 ` \T1/lmtt/m/n/1
0 using \TS1/lmtt/m/n/10 `\T1/lmtt/m/n/10 bins = 30\TS1/lmtt/m/n/10 `\T1/lmtt/m
/n/10 . Pick better value with \TS1/lmtt/m/n/10 `\T1/lmtt/m/n/10 binwidth\TS1/l
mtt/m/n/10 `\T1/lmtt/m/n/10 .[] 
 []

<results_files/figure-pdf/unnamed-chunk-9-6.pdf, id=185, 387.4475pt x 242.9075p
t>
File: results_files/figure-pdf/unnamed-chunk-9-6.pdf Graphic file (type pdf)
<use results_files/figure-pdf/unnamed-chunk-9-6.pdf>
Package pdftex.def Info: results_files/figure-pdf/unnamed-chunk-9-6.pdf  used o
n input line 907.
(pdftex.def)             Requested size: 345.00455pt x 216.29817pt.

Overfull \hbox (1.499pt too wide) in paragraph at lines 920--920
[]\TS1/lmtt/m/n/10 `\T1/lmtt/m/n/10 stat_bin()\TS1/lmtt/m/n/10 ` \T1/lmtt/m/n/1
0 using \TS1/lmtt/m/n/10 `\T1/lmtt/m/n/10 bins = 30\TS1/lmtt/m/n/10 `\T1/lmtt/m
/n/10 . Pick better value with \TS1/lmtt/m/n/10 `\T1/lmtt/m/n/10 binwidth\TS1/l
mtt/m/n/10 `\T1/lmtt/m/n/10 .[] 
 []

[18 <./results_files/figure-pdf/unnamed-chunk-9-6.pdf>]
Overfull \hbox (1.499pt too wide) in paragraph at lines 942--942
[]\TS1/lmtt/m/n/10 `\T1/lmtt/m/n/10 stat_bin()\TS1/lmtt/m/n/10 ` \T1/lmtt/m/n/1
0 using \TS1/lmtt/m/n/10 `\T1/lmtt/m/n/10 bins = 30\TS1/lmtt/m/n/10 `\T1/lmtt/m
/n/10 . Pick better value with \TS1/lmtt/m/n/10 `\T1/lmtt/m/n/10 binwidth\TS1/l
mtt/m/n/10 `\T1/lmtt/m/n/10 .[] 
 []

<results_files/figure-pdf/unnamed-chunk-10-1.pdf, id=199, 387.4475pt x 242.9075
pt>
File: results_files/figure-pdf/unnamed-chunk-10-1.pdf Graphic file (type pdf)
<use results_files/figure-pdf/unnamed-chunk-10-1.pdf>
Package pdftex.def Info: results_files/figure-pdf/unnamed-chunk-10-1.pdf  used 
on input line 947.
(pdftex.def)             Requested size: 345.00455pt x 216.29817pt.

Overfull \hbox (1.499pt too wide) in paragraph at lines 962--962
[]\TS1/lmtt/m/n/10 `\T1/lmtt/m/n/10 stat_bin()\TS1/lmtt/m/n/10 ` \T1/lmtt/m/n/1
0 using \TS1/lmtt/m/n/10 `\T1/lmtt/m/n/10 bins = 30\TS1/lmtt/m/n/10 `\T1/lmtt/m
/n/10 . Pick better value with \TS1/lmtt/m/n/10 `\T1/lmtt/m/n/10 binwidth\TS1/l
mtt/m/n/10 `\T1/lmtt/m/n/10 .[] 
 []

[19 <./results_files/figure-pdf/unnamed-chunk-10-1.pdf>]
Overfull \hbox (1.499pt too wide) in paragraph at lines 984--984
[]\TS1/lmtt/m/n/10 `\T1/lmtt/m/n/10 stat_bin()\TS1/lmtt/m/n/10 ` \T1/lmtt/m/n/1
0 using \TS1/lmtt/m/n/10 `\T1/lmtt/m/n/10 bins = 30\TS1/lmtt/m/n/10 `\T1/lmtt/m
/n/10 . Pick better value with \TS1/lmtt/m/n/10 `\T1/lmtt/m/n/10 binwidth\TS1/l
mtt/m/n/10 `\T1/lmtt/m/n/10 .[] 
 []

<results_files/figure-pdf/unnamed-chunk-10-2.pdf, id=212, 387.4475pt x 242.9075
pt>
File: results_files/figure-pdf/unnamed-chunk-10-2.pdf Graphic file (type pdf)
<use results_files/figure-pdf/unnamed-chunk-10-2.pdf>
Package pdftex.def Info: results_files/figure-pdf/unnamed-chunk-10-2.pdf  used 
on input line 989.
(pdftex.def)             Requested size: 345.00455pt x 216.29817pt.

Overfull \hbox (1.499pt too wide) in paragraph at lines 1002--1002
[]\TS1/lmtt/m/n/10 `\T1/lmtt/m/n/10 stat_bin()\TS1/lmtt/m/n/10 ` \T1/lmtt/m/n/1
0 using \TS1/lmtt/m/n/10 `\T1/lmtt/m/n/10 bins = 30\TS1/lmtt/m/n/10 `\T1/lmtt/m
/n/10 . Pick better value with \TS1/lmtt/m/n/10 `\T1/lmtt/m/n/10 binwidth\TS1/l
mtt/m/n/10 `\T1/lmtt/m/n/10 .[] 
 []

[20 <./results_files/figure-pdf/unnamed-chunk-10-2.pdf>]
Overfull \hbox (1.499pt too wide) in paragraph at lines 1024--1024
[]\TS1/lmtt/m/n/10 `\T1/lmtt/m/n/10 stat_bin()\TS1/lmtt/m/n/10 ` \T1/lmtt/m/n/1
0 using \TS1/lmtt/m/n/10 `\T1/lmtt/m/n/10 bins = 30\TS1/lmtt/m/n/10 `\T1/lmtt/m
/n/10 . Pick better value with \TS1/lmtt/m/n/10 `\T1/lmtt/m/n/10 binwidth\TS1/l
mtt/m/n/10 `\T1/lmtt/m/n/10 .[] 
 []

<results_files/figure-pdf/unnamed-chunk-11-1.pdf, id=225, 387.4475pt x 242.9075
pt>
File: results_files/figure-pdf/unnamed-chunk-11-1.pdf Graphic file (type pdf)
<use results_files/figure-pdf/unnamed-chunk-11-1.pdf>
Package pdftex.def Info: results_files/figure-pdf/unnamed-chunk-11-1.pdf  used 
on input line 1029.
(pdftex.def)             Requested size: 345.00455pt x 216.29817pt.

Overfull \hbox (1.499pt too wide) in paragraph at lines 1044--1044
[]\TS1/lmtt/m/n/10 `\T1/lmtt/m/n/10 stat_bin()\TS1/lmtt/m/n/10 ` \T1/lmtt/m/n/1
0 using \TS1/lmtt/m/n/10 `\T1/lmtt/m/n/10 bins = 30\TS1/lmtt/m/n/10 `\T1/lmtt/m
/n/10 . Pick better value with \TS1/lmtt/m/n/10 `\T1/lmtt/m/n/10 binwidth\TS1/l
mtt/m/n/10 `\T1/lmtt/m/n/10 .[] 
 []

[21 <./results_files/figure-pdf/unnamed-chunk-11-1.pdf>]
Overfull \hbox (1.499pt too wide) in paragraph at lines 1066--1066
[]\TS1/lmtt/m/n/10 `\T1/lmtt/m/n/10 stat_bin()\TS1/lmtt/m/n/10 ` \T1/lmtt/m/n/1
0 using \TS1/lmtt/m/n/10 `\T1/lmtt/m/n/10 bins = 30\TS1/lmtt/m/n/10 `\T1/lmtt/m
/n/10 . Pick better value with \TS1/lmtt/m/n/10 `\T1/lmtt/m/n/10 binwidth\TS1/l
mtt/m/n/10 `\T1/lmtt/m/n/10 .[] 
 []

<results_files/figure-pdf/unnamed-chunk-11-2.pdf, id=238, 387.4475pt x 242.9075
pt>
File: results_files/figure-pdf/unnamed-chunk-11-2.pdf Graphic file (type pdf)
<use results_files/figure-pdf/unnamed-chunk-11-2.pdf>
Package pdftex.def Info: results_files/figure-pdf/unnamed-chunk-11-2.pdf  used 
on input line 1071.
(pdftex.def)             Requested size: 345.00455pt x 216.29817pt.

Overfull \hbox (1.499pt too wide) in paragraph at lines 1084--1084
[]\TS1/lmtt/m/n/10 `\T1/lmtt/m/n/10 stat_bin()\TS1/lmtt/m/n/10 ` \T1/lmtt/m/n/1
0 using \TS1/lmtt/m/n/10 `\T1/lmtt/m/n/10 bins = 30\TS1/lmtt/m/n/10 `\T1/lmtt/m
/n/10 . Pick better value with \TS1/lmtt/m/n/10 `\T1/lmtt/m/n/10 binwidth\TS1/l
mtt/m/n/10 `\T1/lmtt/m/n/10 .[] 
 []


Overfull \hbox (1.499pt too wide) in paragraph at lines 1106--1106
[]\TS1/lmtt/m/n/10 `\T1/lmtt/m/n/10 stat_bin()\TS1/lmtt/m/n/10 ` \T1/lmtt/m/n/1
0 using \TS1/lmtt/m/n/10 `\T1/lmtt/m/n/10 bins = 30\TS1/lmtt/m/n/10 `\T1/lmtt/m
/n/10 . Pick better value with \TS1/lmtt/m/n/10 `\T1/lmtt/m/n/10 binwidth\TS1/l
mtt/m/n/10 `\T1/lmtt/m/n/10 .[] 
 []

<results_files/figure-pdf/unnamed-chunk-12-1.pdf, id=239, 388.45125pt x 242.907
5pt>
File: results_files/figure-pdf/unnamed-chunk-12-1.pdf Graphic file (type pdf)
<use results_files/figure-pdf/unnamed-chunk-12-1.pdf>
Package pdftex.def Info: results_files/figure-pdf/unnamed-chunk-12-1.pdf  used 
on input line 1111.
(pdftex.def)             Requested size: 345.00923pt x 215.7422pt.
[22 <./results_files/figure-pdf/unnamed-chunk-11-2.pdf>]
Overfull \hbox (1.499pt too wide) in paragraph at lines 1126--1126
[]\TS1/lmtt/m/n/10 `\T1/lmtt/m/n/10 stat_bin()\TS1/lmtt/m/n/10 ` \T1/lmtt/m/n/1
0 using \TS1/lmtt/m/n/10 `\T1/lmtt/m/n/10 bins = 30\TS1/lmtt/m/n/10 `\T1/lmtt/m
/n/10 . Pick better value with \TS1/lmtt/m/n/10 `\T1/lmtt/m/n/10 binwidth\TS1/l
mtt/m/n/10 `\T1/lmtt/m/n/10 .[] 
 []


Overfull \hbox (1.499pt too wide) in paragraph at lines 1148--1148
[]\TS1/lmtt/m/n/10 `\T1/lmtt/m/n/10 stat_bin()\TS1/lmtt/m/n/10 ` \T1/lmtt/m/n/1
0 using \TS1/lmtt/m/n/10 `\T1/lmtt/m/n/10 bins = 30\TS1/lmtt/m/n/10 `\T1/lmtt/m
/n/10 . Pick better value with \TS1/lmtt/m/n/10 `\T1/lmtt/m/n/10 binwidth\TS1/l
mtt/m/n/10 `\T1/lmtt/m/n/10 .[] 
 []

<results_files/figure-pdf/unnamed-chunk-12-2.pdf, id=252, 387.4475pt x 242.9075
pt>
File: results_files/figure-pdf/unnamed-chunk-12-2.pdf Graphic file (type pdf)
<use results_files/figure-pdf/unnamed-chunk-12-2.pdf>
Package pdftex.def Info: results_files/figure-pdf/unnamed-chunk-12-2.pdf  used 
on input line 1153.
(pdftex.def)             Requested size: 345.00455pt x 216.29817pt.
[23 <./results_files/figure-pdf/unnamed-chunk-12-1.pdf>]
Overfull \hbox (1.499pt too wide) in paragraph at lines 1166--1166
[]\TS1/lmtt/m/n/10 `\T1/lmtt/m/n/10 stat_bin()\TS1/lmtt/m/n/10 ` \T1/lmtt/m/n/1
0 using \TS1/lmtt/m/n/10 `\T1/lmtt/m/n/10 bins = 30\TS1/lmtt/m/n/10 `\T1/lmtt/m
/n/10 . Pick better value with \TS1/lmtt/m/n/10 `\T1/lmtt/m/n/10 binwidth\TS1/l
mtt/m/n/10 `\T1/lmtt/m/n/10 .[] 
 []

[24 <./results_files/figure-pdf/unnamed-chunk-12-2.pdf>] [25] [26] [27]
<results_files/figure-pdf/unnamed-chunk-18-1.pdf, id=294, 383.4325pt x 222.8325
pt>
File: results_files/figure-pdf/unnamed-chunk-18-1.pdf Graphic file (type pdf)
<use results_files/figure-pdf/unnamed-chunk-18-1.pdf>
Package pdftex.def Info: results_files/figure-pdf/unnamed-chunk-18-1.pdf  used 
on input line 1378.
(pdftex.def)             Requested size: 345.0217pt x 200.51pt.

[28]
Overfull \hbox (17.24895pt too wide) in paragraph at lines 1415--1415
[]\T1/lmtt/m/n/10 Warning in geom_histogram(stat = "identity", colour = "black"
, fill =[] 
 []


Overfull \hbox (43.49887pt too wide) in paragraph at lines 1416--1416
[]\T1/lmtt/m/n/10 "lightblue", : Ignoring unknown parameters: \TS1/lmtt/m/n/10 
`\T1/lmtt/m/n/10 binwidth\TS1/lmtt/m/n/10 `\T1/lmtt/m/n/10 , \TS1/lmtt/m/n/10 `
\T1/lmtt/m/n/10 bins\TS1/lmtt/m/n/10 `\T1/lmtt/m/n/10 , \TS1/lmtt/m/n/10 `\T1/l
mtt/m/n/10 pad\TS1/lmtt/m/n/10 `\T1/lmtt/m/n/10 , and[] 
 []

[29 <./results_files/figure-pdf/unnamed-chunk-18-1.pdf>]
Overfull \hbox (17.24895pt too wide) in paragraph at lines 1453--1453
[]\T1/lmtt/m/n/10 Warning in geom_histogram(stat = "identity", colour = "black"
, fill =[] 
 []


Overfull \hbox (43.49887pt too wide) in paragraph at lines 1454--1454
[]\T1/lmtt/m/n/10 "lightblue", : Ignoring unknown parameters: \TS1/lmtt/m/n/10 
`\T1/lmtt/m/n/10 binwidth\TS1/lmtt/m/n/10 `\T1/lmtt/m/n/10 , \TS1/lmtt/m/n/10 `
\T1/lmtt/m/n/10 bins\TS1/lmtt/m/n/10 `\T1/lmtt/m/n/10 , \TS1/lmtt/m/n/10 `\T1/l
mtt/m/n/10 pad\TS1/lmtt/m/n/10 `\T1/lmtt/m/n/10 , and[] 
 []

[30]
Overfull \hbox (17.24895pt too wide) in paragraph at lines 1491--1491
[]\T1/lmtt/m/n/10 Warning in geom_histogram(stat = "identity", colour = "black"
, fill =[] 
 []


Overfull \hbox (43.49887pt too wide) in paragraph at lines 1492--1492
[]\T1/lmtt/m/n/10 "lightblue", : Ignoring unknown parameters: \TS1/lmtt/m/n/10 
`\T1/lmtt/m/n/10 binwidth\TS1/lmtt/m/n/10 `\T1/lmtt/m/n/10 , \TS1/lmtt/m/n/10 `
\T1/lmtt/m/n/10 bins\TS1/lmtt/m/n/10 `\T1/lmtt/m/n/10 , \TS1/lmtt/m/n/10 `\T1/l
mtt/m/n/10 pad\TS1/lmtt/m/n/10 `\T1/lmtt/m/n/10 , and[] 
 []


Overfull \hbox (17.24895pt too wide) in paragraph at lines 1529--1529
[]\T1/lmtt/m/n/10 Warning in geom_histogram(stat = "identity", colour = "black"
, fill =[] 
 []


Overfull \hbox (43.49887pt too wide) in paragraph at lines 1530--1530
[]\T1/lmtt/m/n/10 "lightblue", : Ignoring unknown parameters: \TS1/lmtt/m/n/10 
`\T1/lmtt/m/n/10 binwidth\TS1/lmtt/m/n/10 `\T1/lmtt/m/n/10 , \TS1/lmtt/m/n/10 `
\T1/lmtt/m/n/10 bins\TS1/lmtt/m/n/10 `\T1/lmtt/m/n/10 , \TS1/lmtt/m/n/10 `\T1/l
mtt/m/n/10 pad\TS1/lmtt/m/n/10 `\T1/lmtt/m/n/10 , and[] 
 []

[31]
Overfull \hbox (85.49875pt too wide) in paragraph at lines 1550--1550
[]\T1/lmtt/m/n/10 Warning: Removed 1 row containing missing values or values ou
tside the scale range[] 
 []


Overfull \hbox (38.24889pt too wide) in paragraph at lines 1552--1552
[]\T1/lmtt/m/n/10 Removed 1 row containing missing values or values outside the
 scale range[] 
 []


Overfull \hbox (38.24889pt too wide) in paragraph at lines 1554--1554
[]\T1/lmtt/m/n/10 Removed 1 row containing missing values or values outside the
 scale range[] 
 []


Overfull \hbox (38.24889pt too wide) in paragraph at lines 1556--1556
[]\T1/lmtt/m/n/10 Removed 1 row containing missing values or values outside the
 scale range[] 
 []

<results_files/figure-pdf/unnamed-chunk-23-1.pdf, id=323, 383.4325pt x 222.8325
pt>
File: results_files/figure-pdf/unnamed-chunk-23-1.pdf Graphic file (type pdf)
<use results_files/figure-pdf/unnamed-chunk-23-1.pdf>
Package pdftex.def Info: results_files/figure-pdf/unnamed-chunk-23-1.pdf  used 
on input line 1572.
(pdftex.def)             Requested size: 345.0217pt x 200.51pt.
[32 <./results_files/figure-pdf/unnamed-chunk-23-1.pdf>] [33] [34]
<results_files/figure-pdf/unnamed-chunk-30-1.pdf, id=346, 397.485pt x 252.945pt
>
File: results_files/figure-pdf/unnamed-chunk-30-1.pdf Graphic file (type pdf)
<use results_files/figure-pdf/unnamed-chunk-30-1.pdf>
Package pdftex.def Info: results_files/figure-pdf/unnamed-chunk-30-1.pdf  used 
on input line 1731.
(pdftex.def)             Requested size: 345.00856pt x 219.5509pt.
<results_files/figure-pdf/unnamed-chunk-30-2.pdf, id=347, 397.485pt x 252.945pt
>
File: results_files/figure-pdf/unnamed-chunk-30-2.pdf Graphic file (type pdf)
<use results_files/figure-pdf/unnamed-chunk-30-2.pdf>
Package pdftex.def Info: results_files/figure-pdf/unnamed-chunk-30-2.pdf  used 
on input line 1745.
(pdftex.def)             Requested size: 345.00856pt x 219.5509pt.
 [35 <./results_files/figure-pdf/unnamed-chunk-30-1.pdf>] [36 <./results_files/
figure-pdf/unnamed-chunk-30-2.pdf>]
<results_files/figure-pdf/unnamed-chunk-32-1.pdf, id=363, 578.16pt x 1445.4pt>
File: results_files/figure-pdf/unnamed-chunk-32-1.pdf Graphic file (type pdf)
<use results_files/figure-pdf/unnamed-chunk-32-1.pdf>
Package pdftex.def Info: results_files/figure-pdf/unnamed-chunk-32-1.pdf  used 
on input line 1819.
(pdftex.def)             Requested size: 220.00302pt x 550.00758pt.
 [37] [38 <./results_files/figure-pdf/unnamed-chunk-32-1.pdf>]
<results_files/figure-pdf/unnamed-chunk-32-2.pdf, id=378, 578.16pt x 1445.4pt>
File: results_files/figure-pdf/unnamed-chunk-32-2.pdf Graphic file (type pdf)
<use results_files/figure-pdf/unnamed-chunk-32-2.pdf>
Package pdftex.def Info: results_files/figure-pdf/unnamed-chunk-32-2.pdf  used 
on input line 1858.
(pdftex.def)             Requested size: 220.00302pt x 550.00758pt.
 [39] [40 <./results_files/figure-pdf/unnamed-chunk-32-2.pdf>]
<results_files/figure-pdf/unnamed-chunk-33-5.pdf, id=435, 1084.05pt x 361.35pt>

File: results_files/figure-pdf/unnamed-chunk-33-5.pdf Graphic file (type pdf)
<use results_files/figure-pdf/unnamed-chunk-33-5.pdf>
Package pdftex.def Info: results_files/figure-pdf/unnamed-chunk-33-5.pdf  used 
on input line 1900.
(pdftex.def)             Requested size: 345.00084pt x 115.00027pt.
 [41 <./results_files/figure-pdf/unnamed-chunk-33-5.pdf>]
<results_files/figure-pdf/unnamed-chunk-33-6.pdf, id=444, 1806.75pt x 361.35pt>

File: results_files/figure-pdf/unnamed-chunk-33-6.pdf Graphic file (type pdf)
<use results_files/figure-pdf/unnamed-chunk-33-6.pdf>
Package pdftex.def Info: results_files/figure-pdf/unnamed-chunk-33-6.pdf  used 
on input line 1948.
(pdftex.def)             Requested size: 344.99533pt x 68.99905pt.
 [42 <./results_files/figure-pdf/unnamed-chunk-33-6.pdf>]
<results_files/figure-pdf/unnamed-chunk-34-9.pdf, id=497, 1156.32pt x 505.89pt>

File: results_files/figure-pdf/unnamed-chunk-34-9.pdf Graphic file (type pdf)
<use results_files/figure-pdf/unnamed-chunk-34-9.pdf>
Package pdftex.def Info: results_files/figure-pdf/unnamed-chunk-34-9.pdf  used 
on input line 2007.
(pdftex.def)             Requested size: 344.99312pt x 150.93448pt.
<results_files/figure-pdf/unnamed-chunk-34-10.pdf, id=498, 397.485pt x 252.945p
t>
File: results_files/figure-pdf/unnamed-chunk-34-10.pdf Graphic file (type pdf)
<use results_files/figure-pdf/unnamed-chunk-34-10.pdf>
Package pdftex.def Info: results_files/figure-pdf/unnamed-chunk-34-10.pdf  used
 on input line 2015.
(pdftex.def)             Requested size: 345.00856pt x 219.5509pt.
 [43 <./results_files/figure-pdf/unnamed-chunk-34-9.pdf>]

! LaTeX Error: Unicode character π (U+03C0)
               not set up for use with LaTeX.

See the LaTeX manual or LaTeX Companion for explanation.
Type  H <return>  for immediate help.
 ...                                              
                                                  
l.2035 ...abels = c("0", "π/4", "π/2", "3π/4")}
                                                  
You may provide a definition with
\DeclareUnicodeCharacter 


! LaTeX Error: Unicode character π (U+03C0)
               not set up for use with LaTeX.

See the LaTeX manual or LaTeX Companion for explanation.
Type  H <return>  for immediate help.
 ...                                              
                                                  
l.2035 ...abels = c("0", "π/4", "π/2", "3π/4")}
                                                  
You may provide a definition with
\DeclareUnicodeCharacter 


! LaTeX Error: Unicode character π (U+03C0)
               not set up for use with LaTeX.

See the LaTeX manual or LaTeX Companion for explanation.
Type  H <return>  for immediate help.
 ...                                              
                                                  
l.2035 ...abels = c("0", "π/4", "π/2", "3π/4")}
                                                  
You may provide a definition with
\DeclareUnicodeCharacter 

[44 <./results_files/figure-pdf/unnamed-chunk-34-10.pdf>]
Chapter 5.
[45

] (./index.aux)
 ***********
LaTeX2e <2023-11-01> patch level 1
L3 programming layer <2024-02-20>
 ***********


LaTeX Warning: Label(s) may have changed. Rerun to get cross-references right.

 ) 
Here is how much of TeX's memory you used:
 29761 strings out of 474116
 593498 string characters out of 5733619
 1944187 words of memory out of 5000000
 51428 multiletter control sequences out of 15000+600000
 618214 words of font info for 131 fonts, out of 8000000 for 9000
 1141 hyphenation exceptions out of 8191
 89i,9n,93p,1002b,1052s stack positions out of 10000i,1000n,20000p,200000b,200000s
</opt/homebrew/Cellar/texlive/20240312/share/texmf-dist/fonts/type1/public/lm
/lmbx12.pfb></opt/homebrew/Cellar/texlive/20240312/share/texmf-dist/fonts/type1
/public/lm/lmex10.pfb></opt/homebrew/Cellar/texlive/20240312/share/texmf-dist/f
onts/type1/public/lm/lmmi10.pfb></opt/homebrew/Cellar/texlive/20240312/share/te
xmf-dist/fonts/type1/public/lm/lmmi5.pfb></opt/homebrew/Cellar/texlive/20240312
/share/texmf-dist/fonts/type1/public/lm/lmmi7.pfb></opt/homebrew/Cellar/texlive
/20240312/share/texmf-dist/fonts/type1/public/lm/lmr10.pfb></opt/homebrew/Cella
r/texlive/20240312/share/texmf-dist/fonts/type1/public/lm/lmr12.pfb></opt/homeb
rew/Cellar/texlive/20240312/share/texmf-dist/fonts/type1/public/lm/lmr17.pfb></
opt/homebrew/Cellar/texlive/20240312/share/texmf-dist/fonts/type1/public/lm/lmr
7.pfb></opt/homebrew/Cellar/texlive/20240312/share/texmf-dist/fonts/type1/publi
c/lm/lmr9.pfb></opt/homebrew/Cellar/texlive/20240312/share/texmf-dist/fonts/typ
e1/public/lm/lmsy10.pfb></opt/homebrew/Cellar/texlive/20240312/share/texmf-dist
/fonts/type1/public/lm/lmtt10.pfb>
Output written on index.pdf (46 pages, 4780099 bytes).
PDF statistics:
 707 PDF objects out of 1000 (max. 8388607)
 446 compressed objects within 5 object streams
 110 named destinations out of 1000 (max. 500000)
 33075 words of extra memory for PDF output out of 35830 (max. 10000000)

